L5RToolbox/proguard/seeds.txt
android.support.v4.app.ActivityCompat
android.support.v4.app.ActivityCompat: ActivityCompat()
android.support.v4.app.ActivityCompat: boolean invalidateOptionsMenu(android.app.Activity)
android.support.v4.app.ActivityCompat: boolean startActivities(android.app.Activity,android.content.Intent[])
android.support.v4.app.ActivityCompatHoneycomb
android.support.v4.app.ActivityCompatHoneycomb: ActivityCompatHoneycomb()
android.support.v4.app.ActivityCompatHoneycomb: void invalidateOptionsMenu(android.app.Activity)
android.support.v4.app.ActivityCompatHoneycomb: void startActivities(android.app.Activity,android.content.Intent[])
android.support.v4.app.ActivityCompatHoneycomb: void dump(android.app.Activity,java.lang.String,java.io.FileDescriptor,java.io.PrintWriter,java.lang.String[])
android.support.v4.app.BackStackRecord
android.support.v4.app.BackStackRecord: java.lang.String TAG
android.support.v4.app.BackStackRecord: android.support.v4.app.FragmentManagerImpl mManager
android.support.v4.app.BackStackRecord: int OP_NULL
android.support.v4.app.BackStackRecord: int OP_ADD
android.support.v4.app.BackStackRecord: int OP_REPLACE
android.support.v4.app.BackStackRecord: int OP_REMOVE
android.support.v4.app.BackStackRecord: int OP_HIDE
android.support.v4.app.BackStackRecord: int OP_SHOW
android.support.v4.app.BackStackRecord: int OP_DETACH
android.support.v4.app.BackStackRecord: int OP_ATTACH
android.support.v4.app.BackStackRecord: android.support.v4.app.BackStackRecord$Op mHead
android.support.v4.app.BackStackRecord: android.support.v4.app.BackStackRecord$Op mTail
android.support.v4.app.BackStackRecord: int mNumOp
android.support.v4.app.BackStackRecord: int mEnterAnim
android.support.v4.app.BackStackRecord: int mExitAnim
android.support.v4.app.BackStackRecord: int mPopEnterAnim
android.support.v4.app.BackStackRecord: int mPopExitAnim
android.support.v4.app.BackStackRecord: int mTransition
android.support.v4.app.BackStackRecord: int mTransitionStyle
android.support.v4.app.BackStackRecord: boolean mAddToBackStack
android.support.v4.app.BackStackRecord: boolean mAllowAddToBackStack
android.support.v4.app.BackStackRecord: java.lang.String mName
android.support.v4.app.BackStackRecord: boolean mCommitted
android.support.v4.app.BackStackRecord$Op
android.support.v4.app.BackStackRecord$Op: android.support.v4.app.BackStackRecord$Op next
android.support.v4.app.BackStackRecord$Op: android.support.v4.app.BackStackRecord$Op prev
android.support.v4.app.BackStackRecord$Op: int cmd
android.support.v4.app.BackStackRecord$Op: android.support.v4.app.Fragment fragment
android.support.v4.app.BackStackRecord$Op: int enterAnim
android.support.v4.app.BackStackRecord$Op: int exitAnim
android.support.v4.app.BackStackRecord$Op: int popEnterAnim
android.support.v4.app.BackStackRecord$Op: int popExitAnim
android.support.v4.app.BackStackRecord$Op: java.util.ArrayList removed
android.support.v4.app.BackStackRecord$Op: BackStackRecord$Op()