L5RToolbox/proguard/mapping.txt
com.actionbarsherlock.internal.widget.ActionBarView$SavedState$1 -> com.actionbarsherlock.internal.widget.ActionBarView$SavedState$1:
    com.actionbarsherlock.internal.widget.ActionBarView$SavedState createFromParcel(android.os.Parcel) -> createFromParcel
    com.actionbarsherlock.internal.widget.ActionBarView$SavedState[] newArray(int) -> newArray
    java.lang.Object createFromParcel(android.os.Parcel) -> createFromParcel
    java.lang.Object[] newArray(int) -> newArray
com.actionbarsherlock.internal.widget.CapitalizingButton -> com.actionbarsherlock.internal.widget.CapitalizingButton:
    boolean SANS_ICE_CREAM -> SANS_ICE_CREAM
    boolean IS_GINGERBREAD -> IS_GINGERBREAD
    int[] R_styleable_Button -> R_styleable_Button
    int R_styleable_Button_textAllCaps -> R_styleable_Button_textAllCaps
    boolean mAllCaps -> mAllCaps
    void setTextCompat(java.lang.CharSequence) -> setTextCompat
com.actionbarsherlock.internal.widget.CapitalizingTextView -> com.actionbarsherlock.internal.widget.CapitalizingTextView:
    boolean SANS_ICE_CREAM -> SANS_ICE_CREAM
    boolean IS_GINGERBREAD -> IS_GINGERBREAD
    int[] R_styleable_TextView -> R_styleable_TextView
    int R_styleable_TextView_textAllCaps -> R_styleable_TextView_textAllCaps
    boolean mAllCaps -> mAllCaps
    void setTextCompat(java.lang.CharSequence) -> setTextCompat
com.actionbarsherlock.internal.widget.FakeDialogPhoneWindow -> com.actionbarsherlock.internal.widget.FakeDialogPhoneWindow:
    android.util.TypedValue mMinWidthMajor -> mMinWidthMajor
    android.util.TypedValue mMinWidthMinor -> mMinWidthMinor
    void onMeasure(int,int) -> onMeasure
com.actionbarsherlock.internal.widget.IcsAbsSpinner -> com.actionbarsherlock.internal.widget.IcsAbsSpinner:
    boolean IS_HONEYCOMB -> IS_HONEYCOMB
    android.widget.SpinnerAdapter mAdapter -> mAdapter
    int mHeightMeasureSpec -> mHeightMeasureSpec
    int mWidthMeasureSpec -> mWidthMeasureSpec
    boolean mBlockLayoutRequests -> mBlockLayoutRequests
    int mSelectionLeftPadding -> mSelectionLeftPadding
    int mSelectionTopPadding -> mSelectionTopPadding
    int mSelectionRightPadding -> mSelectionRightPadding
    int mSelectionBottomPadding -> mSelectionBottomPadding
    android.graphics.Rect mSpinnerPadding -> mSpinnerPadding
    com.actionbarsherlock.internal.widget.IcsAbsSpinner$RecycleBin mRecycler -> mRecycler
    android.database.DataSetObserver mDataSetObserver -> mDataSetObserver
    android.graphics.Rect mTouchFrame -> mTouchFrame
    void initAbsSpinner() -> initAbsSpinner
    void setAdapter(android.widget.SpinnerAdapter) -> setAdapter
    void resetList() -> resetList
    void onMeasure(int,int) -> onMeasure
    int getChildHeight(android.view.View) -> getChildHeight
    int getChildWidth(android.view.View) -> getChildWidth
    android.view.ViewGroup$LayoutParams generateDefaultLayoutParams() -> generateDefaultLayoutParams
    void recycleAllViews() -> recycleAllViews
    void setSelection(int,boolean) -> setSelection
    void setSelection(int) -> setSelection
    void setSelectionInt(int,boolean) -> setSelectionInt
com.actionbarsherlock.internal.widget.IcsAbsSpinner$RecycleBin -> com.actionbarsherlock.internal.widget.IcsAbsSpinner$RecycleBin:
    android.util.SparseArray mScrapHeap -> mScrapHeap
    com.actionbarsherlock.internal.widget.IcsAbsSpinner this$0 -> this$0
    void put(int,android.view.View) -> put
    android.view.View get(int) -> get
    void clear() -> clear
com.actionbarsherlock.internal.widget.IcsAbsSpinner$SavedState -> com.actionbarsherlock.internal.widget.IcsAbsSpinner$SavedState:
    long selectedId -> selectedId
    int position -> position
    android.os.Parcelable$Creator CREATOR -> CREATOR
    void writeToParcel(android.os.Parcel,int) -> writeToParcel
    java.lang.String toString() -> toString