L5RToolbox/proguard/usage.txt
android.support.v4.util.DebugUtils:
    25:25:public DebugUtils()
android.support.v4.util.LruCache
android.support.v4.util.TimeUtils
android.support.v4.view.AccessibilityDelegateCompat
android.support.v4.view.AccessibilityDelegateCompat$AccessibilityDelegateIcsImpl
android.support.v4.view.AccessibilityDelegateCompat$AccessibilityDelegateIcsImpl$1
android.support.v4.view.AccessibilityDelegateCompat$AccessibilityDelegateImpl
android.support.v4.view.AccessibilityDelegateCompat$AccessibilityDelegateStubImpl
android.support.v4.view.AccessibilityDelegateCompatIcs
android.support.v4.view.AccessibilityDelegateCompatIcs$1
android.support.v4.view.AccessibilityDelegateCompatIcs$AccessibilityDelegateBridge
android.support.v4.view.KeyEventCompat:
    25:95:public KeyEventCompat()
    127:127:public static int normalizeMetaState(int)
    131:131:public static boolean metaStateHasModifiers(int,int)
    135:135:public static boolean metaStateHasNoModifiers(int)
android.support.v4.view.KeyEventCompat$BaseKeyEventVersionImpl:
    private static final int META_MODIFIER_MASK
    private static final int META_ALL_MASK
android.support.v4.view.KeyEventCompat$HoneycombKeyEventVersionImpl:
    98:98:public int normalizeMetaState(int)
android.support.v4.view.KeyEventCompat$KeyEventVersionImpl:
    public abstract int normalizeMetaState(int)
android.support.v4.view.KeyEventCompatHoneycomb:
    24:24:KeyEventCompatHoneycomb()
    26:26:public static int normalizeMetaState(int)
android.support.v4.view.MenuCompat
android.support.v4.view.MenuCompat$BaseMenuVersionImpl
android.support.v4.view.MenuCompat$HoneycombMenuVersionImpl
android.support.v4.view.MenuCompat$MenuVersionImpl
android.support.v4.view.MenuItemCompat
android.support.v4.view.MenuItemCompat$BaseMenuVersionImpl
android.support.v4.view.MenuItemCompat$HoneycombMenuVersionImpl
android.support.v4.view.MenuItemCompat$MenuVersionImpl
android.support.v4.view.MenuItemCompatHoneycomb
android.support.v4.view.MotionEventCompat:
    public static final int ACTION_MASK
    public static final int ACTION_POINTER_DOWN
    public static final int ACTION_POINTER_UP
    public static final int ACTION_HOVER_MOVE
    public static final int ACTION_SCROLL
    public static final int ACTION_POINTER_INDEX_MASK
    public static final int ACTION_POINTER_INDEX_SHIFT
    25:75:public MotionEventCompat()
    148:148:public static int getActionMasked(android.view.MotionEvent)
android.support.v4.view.MotionEventCompatEclair:
    24:24:MotionEventCompatEclair()
android.support.v4.view.PagerTitleStrip:
    private static final java.lang.String TAG
    private static final int SIDE_ALPHA
    private static final int TEXT_SPACING
    67:68:public PagerTitleStrip(android.content.Context)
android.support.v4.view.VelocityTrackerCompat:
    25:51:public VelocityTrackerCompat()
    91:91:public static float getYVelocity(android.view.VelocityTracker,int)
android.support.v4.view.VelocityTrackerCompat$BaseVelocityTrackerVersionImpl:
    44:44:public float getYVelocity(android.view.VelocityTracker,int)
android.support.v4.view.VelocityTrackerCompat$HoneycombVelocityTrackerVersionImpl:
    58:58:public float getYVelocity(android.view.VelocityTracker,int)
android.support.v4.view.VelocityTrackerCompat$VelocityTrackerVersionImpl:
    public abstract float getYVelocity(android.view.VelocityTracker,int)
android.support.v4.view.VelocityTrackerCompatHoneycomb:
    24:24:VelocityTrackerCompatHoneycomb()
    29:29:public static float getYVelocity(android.view.VelocityTracker,int)